/home/user/ros2_ws/install/mobile_manipulator/lib/python3.10/site-packages/mobile_manipulator/__init__.py
/home/user/ros2_ws/install/mobile_manipulator/lib/python3.10/site-packages/mobile_manipulator/wasd_teleop.py
/home/user/ros2_ws/install/mobile_manipulator/lib/python3.10/site-packages/mobile_manipulator/move_arm.py
/home/user/ros2_ws/install/mobile_manipulator/lib/python3.10/site-packages/mobile_manipulator/__pycache__/__init__.cpython-310.pyc
/home/user/ros2_ws/install/mobile_manipulator/lib/python3.10/site-packages/mobile_manipulator/__pycache__/wasd_teleop.cpython-310.pyc
/home/user/ros2_ws/install/mobile_manipulator/lib/python3.10/site-packages/mobile_manipulator/__pycache__/move_arm.cpython-310.pyc
/home/user/ros2_ws/install/mobile_manipulator/share/ament_index/resource_index/packages/mobile_manipulator
/home/user/ros2_ws/install/mobile_manipulator/share/mobile_manipulator/package.xml
/home/user/ros2_ws/install/mobile_manipulator/share/mobile_manipulator/launch/sim_nav.launch.py
/home/user/ros2_ws/install/mobile_manipulator/share/mobile_manipulator/launch/sim.launch.py
/home/user/ros2_ws/install/mobile_manipulator/share/mobile_manipulator/urdf/robot.urdf
/home/user/ros2_ws/install/mobile_manipulator/share/mobile_manipulator/worlds/mobile_world.world
/home/user/ros2_ws/install/mobile_manipulator/share/mobile_manipulator/maps/map.pgm
/home/user/ros2_ws/install/mobile_manipulator/share/mobile_manipulator/maps/map.yaml
/home/user/ros2_ws/install/mobile_manipulator/lib/python3.10/site-packages/mobile_manipulator-0.0.0-py3.10.egg-info/PKG-INFO
/home/user/ros2_ws/install/mobile_manipulator/lib/python3.10/site-packages/mobile_manipulator-0.0.0-py3.10.egg-info/zip-safe
/home/user/ros2_ws/install/mobile_manipulator/lib/python3.10/site-packages/mobile_manipulator-0.0.0-py3.10.egg-info/top_level.txt
/home/user/ros2_ws/install/mobile_manipulator/lib/python3.10/site-packages/mobile_manipulator-0.0.0-py3.10.egg-info/requires.txt
/home/user/ros2_ws/install/mobile_manipulator/lib/python3.10/site-packages/mobile_manipulator-0.0.0-py3.10.egg-info/entry_points.txt
/home/user/ros2_ws/install/mobile_manipulator/lib/python3.10/site-packages/mobile_manipulator-0.0.0-py3.10.egg-info/SOURCES.txt
/home/user/ros2_ws/install/mobile_manipulator/lib/python3.10/site-packages/mobile_manipulator-0.0.0-py3.10.egg-info/dependency_links.txt
/home/user/ros2_ws/install/mobile_manipulator/lib/mobile_manipulator/move_arm
/home/user/ros2_ws/install/mobile_manipulator/lib/mobile_manipulator/wasd_teleop
